2025-02-14 10:23:13,367 - __main__ - INFO - Starting Graphic File Manager v1.0.0
2025-02-14 10:23:13,477 - drag_and_drop - INFO - Drag and drop enabled for widget (without click handling)
2025-02-14 10:23:15,666 - ui - INFO - No supported image files found
2025-02-14 10:23:15,666 - ui - INFO - Starting UI main loop
2025-02-14 10:23:20,617 - image_preview - INFO - Successfully loaded image: F:/\u0645\u0646\u0627\u0628\u0639\photo\sunbeam-2060662_1920.jpg
2025-02-14 10:23:21,257 - image_preview - INFO - Successfully loaded image: F:/\u0645\u0646\u0627\u0628\u0639\\u06a9\u0627\u0631\u0627\u06a9\u062a\u0631\\u062f\u0648 \u0628\u0639\u062f\u06cc\\u062d\u06cc\u0648\u0627\u0646\elephant.png
2025-02-14 10:23:21,632 - image_preview - INFO - Successfully loaded image: F:/\u0645\u0646\u0627\u0628\u0639\photo\\u0642\u0627\u0631\u0686.jpg
2025-02-14 10:23:21,929 - image_preview - INFO - Successfully loaded image: F:/\u0645\u0646\u0627\u0628\u0639\photo\sunbeam-2060662_1920.jpg
2025-02-14 10:23:25,085 - image_preview - INFO - Successfully loaded image: F:/\u0645\u0646\u0627\u0628\u0639\\u06a9\u0627\u0631\u0627\u06a9\u062a\u0631\\u062f\u0648 \u0628\u0639\u062f\u06cc\\u062d\u06cc\u0648\u0627\u0646\elephant.png
2025-02-14 10:23:25,444 - image_preview - INFO - Successfully loaded image: F:/\u0645\u0646\u0627\u0628\u0639\web\coming soon\—Pngtree—coming soon cartoon editable text_7564025.png
2025-02-14 10:23:25,678 - image_preview - INFO - Successfully loaded image: F:/\u0645\u0646\u0627\u0628\u0639\photo\wine-1952051_1920.jpg
2025-02-14 10:23:25,913 - image_preview - INFO - Successfully loaded image: F:/\u0645\u0646\u0627\u0628\u0639\photo\hut-8843868_1280.jpg
2025-02-14 10:23:26,225 - image_preview - INFO - Successfully loaded image: F:/\u0645\u0646\u0627\u0628\u0639\photo\fashionable-7198003_1920.jpg
2025-02-14 10:23:26,553 - image_preview - INFO - Successfully loaded image: F:/\u0645\u0646\u0627\u0628\u0639\photo\fashionable-7198003_1920.jpg
2025-02-14 10:23:26,944 - image_preview - INFO - Successfully loaded image: F:/\u0645\u0646\u0627\u0628\u0639\photo\fantasy-2049567_1920.jpg
2025-02-14 10:23:27,365 - image_preview - INFO - Successfully loaded image: F:/\u0645\u0646\u0627\u0628\u0639\photo\blue-flower-6620619_1280.jpg
2025-02-14 10:23:28,006 - image_preview - INFO - Successfully loaded image: F:/\u0645\u0646\u0627\u0628\u0639\\u06a9\u0627\u0631\u0627\u06a9\u062a\u0631\\u062f\u0648 \u0628\u0639\u062f\u06cc\\u062d\u06cc\u0648\u0627\u0646\elephant.png
2025-02-14 10:24:20,114 - image_preview - INFO - Successfully loaded image: E:/sharing folder/edit\background\164.jpg
2025-02-14 10:24:20,974 - image_preview - INFO - Successfully loaded image: E:/sharing folder/edit\background\157.jpg
2025-02-14 10:24:21,239 - image_preview - INFO - Successfully loaded image: E:/sharing folder/edit\background\153.jpg
2025-02-14 10:24:23,489 - image_preview - INFO - Image copied to clipboard: E:/sharing folder/edit\background\153.jpg
2025-02-14 10:24:26,079 - image_preview - INFO - Successfully loaded image: E:/sharing folder/edit\background\2 (5).jpg
2025-02-14 10:24:26,090 - drag_and_drop - ERROR - Error during drop operation: CLIPBOARD selection doesn't exist or form "STRING" not defined
2025-02-14 10:24:26,747 - image_preview - INFO - Successfully loaded image: E:/sharing folder/edit\background\212.jpg
2025-02-14 10:24:26,809 - drag_and_drop - ERROR - Error during drop operation: CLIPBOARD selection doesn't exist or form "STRING" not defined
2025-02-14 10:24:27,325 - image_preview - INFO - Successfully loaded image: E:/sharing folder/edit\background\227.jpg
2025-02-14 10:24:27,372 - drag_and_drop - ERROR - Error during drop operation: CLIPBOARD selection doesn't exist or form "STRING" not defined
2025-02-14 10:24:27,887 - image_preview - INFO - Successfully loaded image: E:/sharing folder/edit\background\245.jpg
2025-02-14 10:24:27,903 - drag_and_drop - ERROR - Error during drop operation: CLIPBOARD selection doesn't exist or form "STRING" not defined
2025-02-14 10:24:28,403 - drag_and_drop - ERROR - Error during drop operation: CLIPBOARD selection doesn't exist or form "STRING" not defined
2025-02-14 10:24:29,128 - image_preview - INFO - Successfully loaded image: E:/sharing folder/edit\background\26383.jpg
2025-02-14 10:24:29,128 - drag_and_drop - ERROR - Error during drop operation: CLIPBOARD selection doesn't exist or form "STRING" not defined
2025-02-14 10:24:29,456 - image_preview - INFO - Successfully loaded image: E:/sharing folder/edit\background\26383.jpg
2025-02-14 10:24:29,456 - drag_and_drop - ERROR - Error during drop operation: CLIPBOARD selection doesn't exist or form "STRING" not defined
2025-02-14 10:24:30,003 - image_preview - INFO - Successfully loaded image: E:/sharing folder/edit\background\261.jpg
2025-02-14 10:24:30,003 - drag_and_drop - ERROR - Error during drop operation: CLIPBOARD selection doesn't exist or form "STRING" not defined
2025-02-14 10:24:30,362 - image_preview - INFO - Successfully loaded image: E:/sharing folder/edit\background\258.jpg
2025-02-14 10:24:30,362 - drag_and_drop - ERROR - Error during drop operation: CLIPBOARD selection doesn't exist or form "STRING" not defined
2025-02-14 10:24:30,753 - image_preview - INFO - Successfully loaded image: E:/sharing folder/edit\background\256.jpg
2025-02-14 10:24:30,753 - drag_and_drop - ERROR - Error during drop operation: CLIPBOARD selection doesn't exist or form "STRING" not defined
2025-02-14 10:24:31,456 - image_preview - INFO - Successfully loaded image: E:/sharing folder/edit\background\267.jpg
2025-02-14 10:24:31,471 - drag_and_drop - ERROR - Error during drop operation: CLIPBOARD selection doesn't exist or form "STRING" not defined
2025-02-14 10:24:32,299 - image_preview - INFO - Successfully loaded image: E:/sharing folder/edit\background\269.jpg
2025-02-14 10:24:32,299 - drag_and_drop - ERROR - Error during drop operation: CLIPBOARD selection doesn't exist or form "STRING" not defined
2025-02-14 10:24:34,259 - image_preview - INFO - Successfully loaded image: E:/sharing folder/edit\background\291.jpg
2025-02-14 10:24:34,259 - drag_and_drop - ERROR - Error during drop operation: CLIPBOARD selection doesn't exist or form "STRING" not defined
2025-02-14 10:24:34,884 - image_preview - INFO - Successfully loaded image: E:/sharing folder/edit\background\290.jpg
2025-02-14 10:24:34,900 - drag_and_drop - ERROR - Error during drop operation: CLIPBOARD selection doesn't exist or form "STRING" not defined
2025-02-14 10:24:35,431 - image_preview - INFO - Successfully loaded image: E:/sharing folder/edit\background\295.jpg
2025-02-14 10:24:35,431 - drag_and_drop - ERROR - Error during drop operation: CLIPBOARD selection doesn't exist or form "STRING" not defined
2025-02-14 10:24:36,306 - image_preview - INFO - Successfully loaded image: E:/sharing folder/edit\background\320.jpg
2025-02-14 10:24:36,306 - drag_and_drop - ERROR - Error during drop operation: CLIPBOARD selection doesn't exist or form "STRING" not defined
2025-02-14 10:24:38,071 - image_preview - INFO - Successfully loaded image: E:/sharing folder/edit\background\349.jpg
2025-02-14 10:24:38,071 - drag_and_drop - ERROR - Error during drop operation: CLIPBOARD selection doesn't exist or form "STRING" not defined
2025-02-14 10:24:39,344 - image_preview - INFO - Successfully loaded image: E:/sharing folder/edit\background\380.jpg
2025-02-14 10:24:39,344 - drag_and_drop - ERROR - Error during drop operation: CLIPBOARD selection doesn't exist or form "STRING" not defined
2025-02-14 10:24:40,031 - image_preview - INFO - Successfully loaded image: E:/sharing folder/edit\background\408.jpg
2025-02-14 10:24:40,062 - drag_and_drop - ERROR - Error during drop operation: CLIPBOARD selection doesn't exist or form "STRING" not defined
2025-02-14 10:24:40,703 - image_preview - INFO - Successfully loaded image: E:/sharing folder/edit\background\424.jpg
2025-02-14 10:24:40,703 - drag_and_drop - ERROR - Error during drop operation: CLIPBOARD selection doesn't exist or form "STRING" not defined
2025-02-14 10:24:41,374 - image_preview - INFO - Successfully loaded image: E:/sharing folder/edit\background\442.jpg
2025-02-14 10:24:41,374 - drag_and_drop - ERROR - Error during drop operation: CLIPBOARD selection doesn't exist or form "STRING" not defined
2025-02-14 10:24:42,093 - image_preview - INFO - Successfully loaded image: E:/sharing folder/edit\background\511515556468778851.jpg
2025-02-14 10:24:42,093 - drag_and_drop - ERROR - Error during drop operation: CLIPBOARD selection doesn't exist or form "STRING" not defined
2025-02-14 10:24:42,733 - image_preview - INFO - Successfully loaded image: E:/sharing folder/edit\background\65.jpg
2025-02-14 10:24:42,733 - drag_and_drop - ERROR - Error during drop operation: CLIPBOARD selection doesn't exist or form "STRING" not defined
2025-02-14 10:24:43,514 - image_preview - INFO - Successfully loaded image: E:/sharing folder/edit\background\74.jpg
2025-02-14 10:24:43,546 - drag_and_drop - ERROR - Error during drop operation: CLIPBOARD selection doesn't exist or form "STRING" not defined
2025-02-14 10:24:44,178 - image_preview - INFO - Successfully loaded image: E:/sharing folder/edit\background\89.jpg
2025-02-14 10:24:44,225 - drag_and_drop - ERROR - Error during drop operation: CLIPBOARD selection doesn't exist or form "STRING" not defined
2025-02-14 10:24:45,021 - image_preview - INFO - Successfully loaded image: E:/sharing folder/edit\background\Abstract Background 2 - Color scheme 3.jpg
2025-02-14 10:24:45,021 - drag_and_drop - ERROR - Error during drop operation: CLIPBOARD selection doesn't exist or form "STRING" not defined
2025-02-14 10:24:46,083 - image_preview - INFO - Successfully loaded image: E:/sharing folder/edit\background\Abstract blurred gradient background with liquid shape ( www.rezagraphic.ir ) (4).jpg
2025-02-14 10:24:46,083 - drag_and_drop - ERROR - Error during drop operation: CLIPBOARD selection doesn't exist or form "STRING" not defined
2025-02-14 10:24:46,974 - image_preview - INFO - Successfully loaded image: E:/sharing folder/edit\background\back [Tarqand.ir]    (39).jpg
2025-02-14 10:24:46,989 - drag_and_drop - ERROR - Error during drop operation: CLIPBOARD selection doesn't exist or form "STRING" not defined
2025-02-14 10:24:48,349 - image_preview - INFO - Successfully loaded image: E:/sharing folder/edit\background\Background [Tarqand.ir]   (483).jpg
2025-02-14 10:24:48,349 - drag_and_drop - ERROR - Error during drop operation: CLIPBOARD selection doesn't exist or form "STRING" not defined
2025-02-14 10:24:52,958 - image_preview - INFO - Successfully loaded image: E:/sharing folder/edit\emoji\Mobile Emoji\Apple\blue-heart_1f499.png
2025-02-14 10:24:52,995 - drag_and_drop - ERROR - Error during drop operation: CLIPBOARD selection doesn't exist or form "STRING" not defined
2025-02-14 10:24:53,432 - image_preview - INFO - Successfully loaded image: E:/sharing folder/edit\background\background blue.jpg
2025-02-14 10:24:53,463 - drag_and_drop - ERROR - Error during drop operation: CLIPBOARD selection doesn't exist or form "STRING" not defined
2025-02-14 10:24:54,385 - image_preview - INFO - Successfully loaded image: E:/sharing folder/edit\\u0641\u0648\u0646\u062a\\u067e\u0627\u0628\u0644\u06cc\u06a9 130000 \u0641\u0648\u0646\u062a \u067e\u0648\u0644\u06cc \u0628\u0635\u0648\u0631\u062a \u0631\u0627\u06cc\u06af\u0627\u0646 \u0628\u0631\u0627\u06cc \u0627\u0648\u0644\u06cc\u0646 \u0628\u0627\u0631 \u0627\u0632 \u06a9\u0627\u0646\u0627\u0644 \u0627\u06cc\u0631\u0627\u0646 \u0647\u06a9\u0631\u0632\Monetary Fonts\\u0641\u0648\u0646\u062a \u0647\u0627\u06cc \u067e\u0648\u0644\u06cc\Derek Vogelpohl Fonts [ML]\Derek Vogelpohl Fonts\Shy Fonts\Intoxicated Blues\SF Intoxicated Blues Sample.jpg
2025-02-14 10:24:54,448 - drag_and_drop - ERROR - Error during drop operation: CLIPBOARD selection doesn't exist or form "STRING" not defined
2025-02-14 10:24:54,854 - image_preview - INFO - Successfully loaded image: E:/sharing folder/edit\png\\u0637\u0631\u062d \u0633\u0647 \u0628\u0639\u062f\u06cc (\u0628\u062e\u0634 \u0627\u0648\u0644)\\u0636\u0631\u0648\u0631\u06cc\New folder (2)\bluetooth-2997166-2516204.png
2025-02-14 10:24:54,885 - drag_and_drop - ERROR - Error during drop operation: CLIPBOARD selection doesn't exist or form "STRING" not defined
2025-02-14 10:24:55,385 - image_preview - INFO - Successfully loaded image: E:/sharing folder/edit\png\\u0628\u0627\u062f\u0646\u06a9\BlueCrown-8.png
2025-02-14 10:24:55,385 - drag_and_drop - ERROR - Error during drop operation: CLIPBOARD selection doesn't exist or form "STRING" not defined
2025-02-14 10:24:55,713 - image_preview - INFO - Successfully loaded image: E:/sharing folder/edit\png\\u0628\u0627\u062f\u0646\u06a9\BlueCrown-5.png
2025-02-14 10:24:55,713 - drag_and_drop - ERROR - Error during drop operation: CLIPBOARD selection doesn't exist or form "STRING" not defined
2025-02-14 10:24:56,244 - image_preview - INFO - Successfully loaded image: E:/sharing folder/edit\png\\u0628\u0627\u062f\u0646\u06a9\BlueCrown-1.png
2025-02-14 10:24:56,244 - drag_and_drop - ERROR - Error during drop operation: CLIPBOARD selection doesn't exist or form "STRING" not defined
2025-02-14 10:24:56,744 - image_preview - INFO - Successfully loaded image: E:/sharing folder/edit\png\\u0628\u0627\u062f\u0646\u06a9\Blue-7.png
2025-02-14 10:24:56,744 - drag_and_drop - ERROR - Error during drop operation: CLIPBOARD selection doesn't exist or form "STRING" not defined
2025-02-14 10:24:57,681 - image_preview - INFO - Successfully loaded image: E:/sharing folder/edit\png\\u0628\u0627\u062f\u0646\u06a9\Blue-4.png
2025-02-14 10:24:57,681 - drag_and_drop - ERROR - Error during drop operation: CLIPBOARD selection doesn't exist or form "STRING" not defined
2025-02-14 10:24:58,290 - image_preview - INFO - Successfully loaded image: E:/sharing folder/edit\png\\u0628\u0627\u062f\u0646\u06a9\Blue-2.png
2025-02-14 10:24:58,290 - drag_and_drop - ERROR - Error during drop operation: CLIPBOARD selection doesn't exist or form "STRING" not defined
2025-02-14 10:24:58,697 - image_preview - INFO - Successfully loaded image: E:/sharing folder/edit\png\\u0628\u0627\u062f\u0646\u06a9\Blue-0.png
2025-02-14 10:24:58,712 - drag_and_drop - ERROR - Error during drop operation: CLIPBOARD selection doesn't exist or form "STRING" not defined
2025-02-14 10:24:59,228 - image_preview - INFO - Successfully loaded image: E:/sharing folder/edit\emoji\Mobile Emoji\Samsung\large-blue-diamond_1f537.png
2025-02-14 10:24:59,259 - drag_and_drop - ERROR - Error during drop operation: CLIPBOARD selection doesn't exist or form "STRING" not defined
2025-02-14 10:24:59,571 - image_preview - INFO - Successfully loaded image: E:/sharing folder/edit\emoji\Mobile Emoji\LG\small-blue-diamond_1f539.png
2025-02-14 10:24:59,618 - drag_and_drop - ERROR - Error during drop operation: CLIPBOARD selection doesn't exist or form "STRING" not defined
2025-02-14 10:24:59,884 - image_preview - INFO - Successfully loaded image: E:/sharing folder/edit\emoji\Mobile Emoji\LG\blue-book_1f4d8.png
2025-02-14 10:24:59,931 - drag_and_drop - ERROR - Error during drop operation: CLIPBOARD selection doesn't exist or form "STRING" not defined
2025-02-14 10:25:00,243 - image_preview - INFO - Successfully loaded image: E:/sharing folder/edit\emoji\Mobile Emoji\Apple\large-blue-diamond_1f537.png
2025-02-14 10:25:00,305 - drag_and_drop - ERROR - Error during drop operation: CLIPBOARD selection doesn't exist or form "STRING" not defined
2025-02-14 10:25:00,555 - image_preview - INFO - Successfully loaded image: E:/sharing folder/edit\emoji\Mobile Emoji\Apple\blue-book_1f4d8.png
2025-02-14 10:25:00,602 - drag_and_drop - ERROR - Error during drop operation: CLIPBOARD selection doesn't exist or form "STRING" not defined
2025-02-14 10:25:01,274 - image_preview - INFO - Successfully loaded image: E:/sharing folder/edit\background\Blue-stone-texture-457883.jpg
2025-02-14 10:25:01,274 - drag_and_drop - ERROR - Error during drop operation: CLIPBOARD selection doesn't exist or form "STRING" not defined
2025-02-14 10:25:05,726 - image_preview - INFO - Successfully loaded image: E:/sharing folder/edit\png\00493-Blank-Open-Book-Vector\00493-Blank-Open-Book-Vector\193.jpg
2025-02-14 10:25:05,742 - drag_and_drop - ERROR - Error during drop operation: CLIPBOARD selection doesn't exist or form "STRING" not defined
2025-02-14 10:25:06,085 - image_preview - INFO - Successfully loaded image: E:/sharing folder/edit\emoji\Mobile Emoji\Samsung\bookmark_1f516.png
2025-02-14 10:25:06,132 - drag_and_drop - ERROR - Error during drop operation: CLIPBOARD selection doesn't exist or form "STRING" not defined
2025-02-14 10:25:06,570 - image_preview - INFO - Successfully loaded image: E:/sharing folder/edit\emoji\Mobile Emoji\LG\notebook-with-decorative-cover_1f4d4.png
2025-02-14 10:25:06,617 - drag_and_drop - ERROR - Error during drop operation: CLIPBOARD selection doesn't exist or form "STRING" not defined
2025-02-14 10:25:06,898 - image_preview - INFO - Successfully loaded image: E:/sharing folder/edit\emoji\Mobile Emoji\LG\bookmark_1f516.png
2025-02-14 10:25:06,960 - drag_and_drop - ERROR - Error during drop operation: CLIPBOARD selection doesn't exist or form "STRING" not defined
2025-02-14 10:25:07,413 - image_preview - INFO - Successfully loaded image: E:/sharing folder/edit\emoji\Mobile Emoji\Apple\books_1f4da.png
2025-02-14 10:25:07,476 - drag_and_drop - ERROR - Error during drop operation: CLIPBOARD selection doesn't exist or form "STRING" not defined
2025-02-14 10:25:07,788 - image_preview - INFO - Successfully loaded image: E:/sharing folder/edit\emoji\Mobile Emoji\Apple\orange-book_1f4d9.png
2025-02-14 10:25:07,835 - drag_and_drop - ERROR - Error during drop operation: CLIPBOARD selection doesn't exist or form "STRING" not defined
2025-02-14 10:25:08,335 - image_preview - INFO - Successfully loaded image: E:/sharing folder/edit\png\00493-Blank-Open-Book-Vector\Png\1.png
2025-02-14 10:25:08,366 - drag_and_drop - ERROR - Error during drop operation: CLIPBOARD selection doesn't exist or form "STRING" not defined
2025-02-14 10:25:09,404 - image_preview - INFO - Successfully loaded image: E:/sharing folder/edit\png\\u0637\u0631\u062d \u0633\u0647 \u0628\u0639\u062f\u06cc (\u0628\u062e\u0634 \u0627\u0648\u0644)\\u0633\u0648\u0634\u06cc\u0627\u0644 \u0645\u062f\u06cc\u0627\social media.www.logoanil.com\caramel-53-ibooks-890x668.png
2025-02-14 10:25:09,451 - drag_and_drop - ERROR - Error during drop operation: CLIPBOARD selection doesn't exist or form "STRING" not defined
2025-02-14 10:25:09,982 - image_preview - INFO - Successfully loaded image: E:/sharing folder/edit\png\\u0637\u0631\u062d \u0633\u0647 \u0628\u0639\u062f\u06cc (\u0628\u062e\u0634 \u0627\u0648\u0644)\\u0636\u0631\u0648\u0631\u06cc\New folder (4)\phonebook-2872381-2389559.png
2025-02-14 10:25:10,029 - drag_and_drop - ERROR - Error during drop operation: CLIPBOARD selection doesn't exist or form "STRING" not defined
2025-02-14 10:25:10,685 - image_preview - INFO - Successfully loaded image: E:/sharing folder/edit\png\\u0637\u0631\u062d \u0633\u0647 \u0628\u0639\u062f\u06cc (\u0628\u062e\u0634 \u0627\u0648\u0644)\\u0636\u0631\u0648\u0631\u06cc\things.www.logoanil.com\10-macbook-1-890x668.png
2025-02-14 10:25:10,748 - drag_and_drop - ERROR - Error during drop operation: CLIPBOARD selection doesn't exist or form "STRING" not defined
2025-02-14 10:25:11,076 - image_preview - INFO - Successfully loaded image: E:/sharing folder/edit\png\\u0637\u0631\u062d \u0633\u0647 \u0628\u0639\u062f\u06cc (\u0628\u062e\u0634 \u0627\u0648\u0644)\\u0645\u062f\u0631\u0633\u0647\book-3100545-2589416.png
2025-02-14 10:25:11,122 - drag_and_drop - ERROR - Error during drop operation: CLIPBOARD selection doesn't exist or form "STRING" not defined
2025-02-14 10:25:11,622 - image_preview - INFO - Successfully loaded image: E:/sharing folder/edit\png\\u0637\u0631\u062d \u0633\u0647 \u0628\u0639\u062f\u06cc (\u0628\u062e\u0634 \u0627\u0648\u0644)\\u0645\u062a\u0641\u0631\u0642\u0647\New folder (5)\phonebook-2872694-2409410.png
2025-02-14 10:25:11,622 - drag_and_drop - ERROR - Error during drop operation: CLIPBOARD selection doesn't exist or form "STRING" not defined
2025-02-14 10:25:12,060 - image_preview - INFO - Successfully loaded image: E:/sharing folder/edit\png\\u0637\u0631\u062d \u0633\u0647 \u0628\u0639\u062f\u06cc (\u0628\u062e\u0634 \u0627\u0648\u0644)\\u0636\u0631\u0648\u0631\u06cc\bookmark-3316920-2761477.png
2025-02-14 10:25:12,107 - drag_and_drop - ERROR - Error during drop operation: CLIPBOARD selection doesn't exist or form "STRING" not defined
2025-02-14 10:25:12,435 - image_preview - INFO - Successfully loaded image: E:/sharing folder/edit\png\\u0637\u0631\u062d \u0633\u0647 \u0628\u0639\u062f\u06cc (\u0628\u062e\u0634 \u0627\u0648\u0644)\\u0633\u0648\u0634\u06cc\u0627\u0644 \u0645\u062f\u06cc\u0627\New folder\Glossy\Facebook.png
2025-02-14 10:25:12,435 - drag_and_drop - ERROR - Error during drop operation: CLIPBOARD selection doesn't exist or form "STRING" not defined
2025-02-14 10:25:12,666 - image_preview - INFO - Successfully loaded image: E:/sharing folder/edit\png\\u0637\u0631\u062d \u0633\u0647 \u0628\u0639\u062f\u06cc (\u0628\u062e\u0634 \u0627\u0648\u0644)\\u0627\u0646\u0633\u0627\u0646\New folder (10)\book-fell-of-by-woman-3297128-2767510.png
2025-02-14 10:25:12,666 - drag_and_drop - ERROR - Error during drop operation: CLIPBOARD selection doesn't exist or form "STRING" not defined
2025-02-14 10:25:12,900 - image_preview - INFO - Successfully loaded image: E:/sharing folder/edit\png\Icon\2736525-graphic-design\png\042-sketchbook.png
2025-02-14 10:25:12,947 - drag_and_drop - ERROR - Error during drop operation: CLIPBOARD selection doesn't exist or form "STRING" not defined
2025-02-14 10:25:13,572 - image_preview - INFO - Successfully loaded image: E:/sharing folder/edit\png\Icon\2736525-graphic-design\png\025-sketchbook.png
2025-02-14 10:25:13,619 - drag_and_drop - ERROR - Error during drop operation: CLIPBOARD selection doesn't exist or form "STRING" not defined
2025-02-14 10:25:13,884 - image_preview - INFO - Successfully loaded image: E:/sharing folder/edit\png\emoji\facebook.png
2025-02-14 10:25:13,900 - drag_and_drop - ERROR - Error during drop operation: CLIPBOARD selection doesn't exist or form "STRING" not defined
2025-02-14 10:25:14,196 - image_preview - INFO - Successfully loaded image: E:/sharing folder/edit\png\00532-Books-Vectors\Png\2.png
2025-02-14 10:25:14,212 - drag_and_drop - ERROR - Error during drop operation: CLIPBOARD selection doesn't exist or form "STRING" not defined
2025-02-14 10:25:14,384 - image_preview - INFO - Successfully loaded image: E:/sharing folder/edit\png\00532-Books-Vectors\Pack n Png\Box.png
2025-02-14 10:25:14,431 - drag_and_drop - ERROR - Error during drop operation: CLIPBOARD selection doesn't exist or form "STRING" not defined
2025-02-14 10:25:17,383 - image_preview - INFO - Successfully loaded image: E:/sharing folder/edit\emoji\Mobile Emoji\LG\bookmark_1f516.png
2025-02-14 10:25:17,446 - drag_and_drop - ERROR - Error during drop operation: CLIPBOARD selection doesn't exist or form "STRING" not defined
2025-02-14 10:25:17,746 - image_preview - INFO - Successfully loaded image: E:/sharing folder/edit\emoji\Mobile Emoji\Apple\green-book_1f4d7.png
2025-02-14 10:25:17,777 - drag_and_drop - ERROR - Error during drop operation: CLIPBOARD selection doesn't exist or form "STRING" not defined
2025-02-14 10:25:18,308 - image_preview - INFO - Successfully loaded image: E:/sharing folder/edit\emoji\Mobile Emoji\Apple\green-book_1f4d7.png
2025-02-14 10:25:18,355 - drag_and_drop - ERROR - Error during drop operation: CLIPBOARD selection doesn't exist or form "STRING" not defined
2025-02-14 10:25:18,589 - image_preview - INFO - Successfully loaded image: E:/sharing folder/edit\emoji\Mobile Emoji\Apple\closed-book_1f4d5.png
2025-02-14 10:25:18,636 - drag_and_drop - ERROR - Error during drop operation: CLIPBOARD selection doesn't exist or form "STRING" not defined
2025-02-14 10:25:18,948 - image_preview - INFO - Successfully loaded image: E:/sharing folder/edit\emoji\Mobile Emoji\Apple\bookmark-tabs_1f4d1.png
2025-02-14 10:25:18,980 - drag_and_drop - ERROR - Error during drop operation: CLIPBOARD selection doesn't exist or form "STRING" not defined
2025-02-14 10:25:21,120 - image_preview - INFO - Successfully loaded image: E:/sharing folder/edit\png\00532-Books-Vectors\492.jpg
2025-02-14 10:25:21,120 - drag_and_drop - ERROR - Error during drop operation: CLIPBOARD selection doesn't exist or form "STRING" not defined
2025-02-14 10:25:21,761 - ui - INFO - Application closing
2025-02-14 10:25:21,781 - __main__ - INFO - Application shutdown complete
